<?xml version="1.0" encoding="UTF-8"?>
<!-- Generated by org.testng.reporters.JUnitXMLReporter -->
<testsuite ignored="11" hostname="LAPTOP-II4UQ1BT" failures="0" tests="1" name="Test2" time="0.009" errors="0" timestamp="2023-09-25T19:32:01 IST">
  <testcase classname="TestNG_Assignment.Que_18_FoodItem" name="addtoCart" time="0.002"/>
  <testcase classname="TestNG_Assignment.Que_18_User" name="logout" time="0.0">
    <ignored/>
  </testcase> <!-- logout -->
  <testcase classname="TestNG_Assignment.Que_18_Payment" name="COD" time="0.0">
    <ignored/>
  </testcase> <!-- COD -->
  <testcase classname="TestNG_Assignment.Que_18_Payment" name="UPI" time="0.0">
    <ignored/>
  </testcase> <!-- UPI -->
  <testcase classname="TestNG_Assignment.Que_18_User" name="profile" time="0.0">
    <ignored/>
  </testcase> <!-- profile -->
  <testcase classname="TestNG_Assignment.Que_18_Payment" name="creditCard" time="0.0">
    <ignored/>
  </testcase> <!-- creditCard -->
  <testcase classname="TestNG_Assignment.Que_18_Payment" name="debitCard" time="0.0">
    <ignored/>
  </testcase> <!-- debitCard -->
  <testcase classname="TestNG_Assignment.Que_18_Payment" name="wallet" time="0.0">
    <ignored/>
  </testcase> <!-- wallet -->
  <testcase classname="TestNG_Assignment.Que_18_User" name="register" time="0.0">
    <ignored/>
  </testcase> <!-- register -->
  <testcase classname="TestNG_Assignment.Que_18_FoodItem" name="searchItem" time="0.0">
    <ignored/>
  </testcase> <!-- searchItem -->
  <testcase classname="TestNG_Assignment.Que_18_FoodItem" name="addLocation" time="0.0">
    <ignored/>
  </testcase> <!-- addLocation -->
  <testcase classname="TestNG_Assignment.Que_18_User" name="login" time="0.0">
    <ignored/>
  </testcase> <!-- login -->
</testsuite> <!-- Test2 -->
