<?xml version="1.0" encoding="UTF-8"?>
<!-- Generated by org.testng.reporters.JUnitXMLReporter -->
<testsuite ignored="0" hostname="LAPTOP-II4UQ1BT" failures="1" tests="1" name="Test3" time="0.005" errors="0" timestamp="2023-09-23T19:14:35 IST">
  <testcase classname="CrossBrowserTesting.TopsTesting" name="test" time="0.0">
    <failure type="org.testng.TestNGException" message="
Cannot inject @Test annotated Method [test] with [class java.lang.String].
For more information on native dependency injection please refer to https://testng.org/doc/documentation-main.html#native-dependency-injection">
      <![CDATA[org.testng.TestNGException: 
Cannot inject @Test annotated Method [test] with [class java.lang.String].
For more information on native dependency injection please refer to https://testng.org/doc/documentation-main.html#native-dependency-injection
at java.base/java.util.ArrayList.forEach(ArrayList.java:1511)
... Removed 26 stack frames]]>
    </failure>
  </testcase> <!-- test -->
</testsuite> <!-- Test3 -->
